<?xml version="1.0" encoding="UTF-8"?>
<robot generator="Robot 7.2.2 (Python 3.12.4 on darwin)" generated="2025-04-17T21:41:09.100821" rpa="false" schemaversion="5">
<suite id="s1" name="Login-Test" source="/Users/abonti/Documents/StressHelp-FE-2025/tests/login-test.robot">
<test id="s1-t1" name="Login To Health Diary" line="10">
<kw name="New Browser" owner="Browser">
<msg time="2025-04-17T21:41:09.613190" level="INFO">{"browser": "chromium", "headless": false, "chromiumSandbox": false, "devtools": false, "handleSIGHUP": true, "handleSIGINT": true, "handleSIGTERM": true, "slowMo": 0.0, "timeout": 30000.0, "tracesDir": "/Users/abonti/Documents/StressHelp-FE-2025/outputs/browser/traces/temp/c84c243c-59a1-4c55-8d42-1261893ac051"}</msg>
<msg time="2025-04-17T21:41:09.718505" level="INFO">Starting Browser process /Users/abonti/Documents/StressHelp-FE-2025/.venv/lib/python3.12/site-packages/Browser/wrapper/index.js using port 51714</msg>
<msg time="2025-04-17T21:41:09.718916" level="INFO">Node startup parameters: ['node', '/Users/abonti/Documents/StressHelp-FE-2025/.venv/lib/python3.12/site-packages/Browser/wrapper/index.js', '51714']</msg>
<msg time="2025-04-17T21:41:13.899510" level="INFO">Successfully created browser with options: {"browser":"chromium","headless":false,"chromiumSandbox":false,"devtools":false,"handleSIGHUP":true,"handleSIGINT":true,"handleSIGTERM":true,"slowMo":0,"timeout":30000,"tracesDir":"/Users/abonti/Documents/StressHelp-FE-2025/outputs/browser/traces/temp/c84c243c-59a1-4c55-8d42-1261893ac051"}</msg>
<arg>chromium</arg>
<arg>headless=No</arg>
<tag>BrowserControl</tag>
<tag>Setter</tag>
<doc>Create a new playwright Browser with specified options.</doc>
<status status="PASS" start="2025-04-17T21:41:09.611486" elapsed="4.288722"/>
</kw>
<kw name="New Page" owner="Browser">
<msg time="2025-04-17T21:41:15.491731" level="INFO">Successfully initialized new page object and opened url: http://127.0.0.1:3003/src/html/login.html</msg>
<msg time="2025-04-17T21:41:15.491840" level="INFO">No context was open. New context was automatically opened when this page is created.</msg>
<arg>${URL}</arg>
<tag>BrowserControl</tag>
<tag>Setter</tag>
<doc>Open a new Page.</doc>
<status status="PASS" start="2025-04-17T21:41:13.901683" elapsed="1.590400"/>
</kw>
<kw name="Get Title" owner="Browser">
<msg time="2025-04-17T21:41:15.509050" level="INFO">Title: 'Kirjaudu'</msg>
<arg>==</arg>
<arg>Kirjaudu</arg>
<tag>Assertion</tag>
<tag>Getter</tag>
<tag>PageContent</tag>
<doc>Returns the title of the current page.</doc>
<status status="PASS" start="2025-04-17T21:41:15.492637" elapsed="0.016663"/>
</kw>
<kw name="Type Text" owner="Browser">
<msg time="2025-04-17T21:41:15.513873" level="FAIL">Variable '${Username}' not found.</msg>
<arg>id=login-username</arg>
<arg>${Username}</arg>
<arg>delay=0.2 s</arg>
<tag>PageContent</tag>
<tag>Setter</tag>
<doc>Types the given ``txt`` into the text field found by ``selector``.</doc>
<status status="FAIL" start="2025-04-17T21:41:15.509786" elapsed="0.004232">Variable '${Username}' not found.</status>
</kw>
<kw name="Type Secret" owner="Browser">
<arg>id=login-pass</arg>
<arg>$Password</arg>
<arg>delay=0.2 s</arg>
<tag>PageContent</tag>
<tag>Setter</tag>
<doc>Types the given secret from ``variable_name`` into the text field
found by ``selector``.</doc>
<status status="NOT RUN" start="2025-04-17T21:41:15.514469" elapsed="0.000270"/>
</kw>
<kw name="Click" owner="Browser">
<arg>css=.login-button</arg>
<tag>PageContent</tag>
<tag>Setter</tag>
<doc>Simulates mouse click on the element found by ``selector``.</doc>
<status status="NOT RUN" start="2025-04-17T21:41:15.520626" elapsed="0.001165"/>
</kw>
<kw name="Sleep" owner="BuiltIn">
<arg>2 s</arg>
<doc>Pauses the test executed for the given time.</doc>
<status status="NOT RUN" start="2025-04-17T21:41:15.522795" elapsed="0.000483"/>
</kw>
<kw name="Close Browser" owner="Browser">
<tag>BrowserControl</tag>
<tag>Setter</tag>
<doc>Closes the current browser.</doc>
<status status="NOT RUN" start="2025-04-17T21:41:15.523644" elapsed="0.000178"/>
</kw>
<msg time="2025-04-17T21:41:15.532768" level="INFO">Set timeout to: 10000</msg>
<status status="FAIL" start="2025-04-17T21:41:09.610217" elapsed="5.914282">Variable '${Username}' not found.</status>
</test>
<status status="FAIL" start="2025-04-17T21:41:09.104819" elapsed="6.429282"/>
</suite>
<statistics>
<total>
<stat pass="0" fail="1" skip="0">All Tests</stat>
</total>
<tag>
</tag>
<suite>
<stat name="Login-Test" id="s1" pass="0" fail="1" skip="0">Login-Test</stat>
</suite>
</statistics>
<errors>
</errors>
</robot>
